Arguments: 
  C:\Program Files\nodejs\node.exe C:\Users\FRED PEUGH'S\AppData\Roaming\npm\node_modules\yarn\bin\yarn.js install

PATH: 
  C:\Python311\Scripts\;C:\Python311\;C:\app\dbhomeXE\bin;C:\Program Files (x86)\VMware\VMware Workstation\bin\;C:\Program Files\Common Files\Oracle\Java\javapath;C:\Program Files (x86)\Common Files\Oracle\Java\javapath;C:\WINDOWS\system32;C:\WINDOWS;C:\WINDOWS\System32\Wbem;C:\WINDOWS\System32\WindowsPowerShell\v1.0\;C:\WINDOWS\System32\OpenSSH\;C:\Program Files\Git\cmd;C:\Program Files\Microsoft SQL Server\Client SDK\ODBC\170\Tools\Binn\;C:\Program Files (x86)\Microsoft SQL Server\150\Tools\Binn\;C:\Program Files\Microsoft SQL Server\150\Tools\Binn\;C:\Program Files\Microsoft SQL Server\150\DTS\Binn\;C:\Program Files\Azure Data Studio\bin;C:\Program Files (x86)\dotnet\;C:\Program Files (x86)\Microsoft SQL Server\150\DTS\Binn\;C:\Program Files\dotnet\;C:\ProgramData\chocolatey\bin;C:\Program Files (x86)\nodejs;C:\Program Files\Java\jdk-18.0.2.1\bin;C:\Program Files\Microsoft SQL Server Migration Assistant for MySQL\bin\;%NVM_HOME%;%NVM_SYMLINK%;C:\Users\FRED PEUGH'S\AppData\Local\Microsoft\WindowsApps;C:\Users\FRED PEUGH'S\AppData\Local\Programs\Microsoft VS Code\bin;C:\Users\FRED PEUGH'S\.dotnet\tools;C:\Users\FRED PEUGH'S\AppData\Local\Android\Sdk\platform-tools;C:\Users\FRED PEUGH'S\AppData\Roaming\npm;C:\Users\FRED PEUGH'S\AppData\Roaming\nvm;C:\Program Files\nodejs

Yarn version: 
  1.22.19

Node version: 
  18.16.0

Platform: 
  win32 x64

Trace: 
  Error: connect ETIMEDOUT 104.16.25.35:443
      at TCPConnectWrap.afterConnect [as oncomplete] (node:net:1494:16)

npm manifest: 
  {
    "name": "findtalents",
    "version": "1.0.0",
    "main": "node_modules/expo/AppEntry.js",
    "scripts": {
      "start": "expo start",
      "android": "expo start --android",
      "ios": "expo start --ios",
      "web": "expo start --web"
    },
    "dependencies": {
      "expo": "~48.0.18",
      "expo-status-bar": "~1.4.4",
      "react": "18.2.0",
      "react-native": "0.71.8"
    },
    "devDependencies": {
      "@babel/core": "^7.20.0"
    },
    "private": true
  }

yarn manifest: 
  No manifest

Lockfile: 
  No lockfile
